<testsuites errors="1" failures="1" tests="245" time="N/A"><testsuite errors="0" failures="0" tests="15" time="N/A"><testcase id="cppunitxmlparser/test/netTest.xml_1" name="EventLoop_Test::testMethod" time="N/A" /><testcase id="cppunitxmlparser/test/netTest.xml_2" name="EventLoop_Test::testMethod2" time="N/A" /><testcase id="cppunitxmlparser/test/netTest.xml_3" name="EventLoop_Test::testSignalCapture" time="N/A" /><testcase id="cppunitxmlparser/test/netTest.xml_4" name="JmsConnection_Test::testConnect" time="N/A" /><testcase id="cppunitxmlparser/test/netTest.xml_5" name="JmsConnection_Test::testCommunication1" time="N/A" /><testcase id="cppunitxmlparser/test/netTest.xml_6" name="JmsConnection_Test::testCommunication2" time="N/A" /><testcase id="cppunitxmlparser/test/netTest.xml_7" name="JmsConnection_Test::testPermanentRead" time="N/A" /><testcase id="cppunitxmlparser/test/netTest.xml_8" name="MQTcpNetworking::testClientServerMethod" time="N/A" /><testcase id="cppunitxmlparser/test/netTest.xml_9" name="ReadAsyncStringUntil_Test::runTest" time="N/A" /><testcase id="cppunitxmlparser/test/netTest.xml_10" name="Strand_Test::testSequential" time="N/A" /><testcase id="cppunitxmlparser/test/netTest.xml_11" name="Strand_Test::testStrandDies" time="N/A" /><testcase id="cppunitxmlparser/test/netTest.xml_12" name="TcpNetworking_Test::testClientServer" time="N/A" /><testcase id="cppunitxmlparser/test/netTest.xml_13" name="TcpNetworking_Test::testWriteAsync" time="N/A" /><testcase id="cppunitxmlparser/test/netTest.xml_14" name="TcpNetworking_Test::testBufferSet" time="N/A" /><testcase id="cppunitxmlparser/test/netTest.xml_15" name="TcpNetworking_Test::testConsumeBytesAfterReadUntil" time="N/A" /></testsuite><testsuite errors="1" failures="0" tests="1" time="N/A"><testcase id="cppunitxmlparser/test/coreTest.xml_1" name="/home/silenzi/Framework/build/netbeans/karabo/testresults/coreTest.xml" time="N/A"><failure message="Filename Missing:Line Number Missing :Error" type="Error">Filename Missing:Line Number Missing :Error
Test did not run</failure></testcase></testsuite><testsuite errors="0" failures="1" tests="156" time="N/A"><testcase id="cppunitxmlparser/test/utilTest.xml_154" name="Version_Test::testVersion" time="N/A"><failure message="../../../src/karabo/tests/util/Version_Test.cc:27 :Assertion" type="Assertion">../../../src/karabo/tests/util/Version_Test.cc:27 :Assertion
equality assertion failed
- Expected: 2.10.0a19-15-gc58f462-dirty
- Actual  : 2.10.0a19-1-g56c6ea3-dirty
</failure></testcase><testcase id="cppunitxmlparser/test/utilTest.xml_1" name="AlarmCondition_Test::testOperators" time="N/A" /><testcase id="cppunitxmlparser/test/utilTest.xml_2" name="AlarmCondition_Test::testStringAssignmentRoundTrip" time="N/A" /><testcase id="cppunitxmlparser/test/utilTest.xml_3" name="AlarmCondition_Test::testSignificanceEvaluation" time="N/A" /><testcase id="cppunitxmlparser/test/utilTest.xml_4" name="AlarmCondition_Test::testValidationConditionalRoundTrip" time="N/A" /><testcase id="cppunitxmlparser/test/utilTest.xml_5" name="AlarmCondition_Test::testValidation" time="N/A" /><testcase id="cppunitxmlparser/test/utilTest.xml_6" name="Base64_Test::testEncode" time="N/A" /><testcase id="cppunitxmlparser/test/utilTest.xml_7" name="Base64_Test::testDecode" time="N/A" /><testcase id="cppunitxmlparser/test/utilTest.xml_8" name="ByteSwap_Test::test16" time="N/A" /><testcase id="cppunitxmlparser/test/utilTest.xml_9" name="ByteSwap_Test::test32" time="N/A" /><testcase id="cppunitxmlparser/test/utilTest.xml_10" name="ByteSwap_Test::test64" time="N/A" /><testcase id="cppunitxmlparser/test/utilTest.xml_11" name="Configurator_Test::test" time="N/A" /><testcase id="cppunitxmlparser/test/utilTest.xml_12" name="DataLogUtils_Test::testValidIndexLines" time="N/A" /><testcase id="cppunitxmlparser/test/utilTest.xml_13" name="DataLogUtils_Test::testInvalidIndexLines" time="N/A" /><testcase id="cppunitxmlparser/test/utilTest.xml_14" name="DataLogUtils_Test::testValueFromJSON" time="N/A" /><testcase id="cppunitxmlparser/test/utilTest.xml_15" name="DataLogUtils_Test::testMultipleJSONObjects" time="N/A" /><testcase id="cppunitxmlparser/test/utilTest.xml_16" name="DateTimeString_Test::testConstructors" time="N/A" /><testcase id="cppunitxmlparser/test/utilTest.xml_17" name="DateTimeString_Test::isStringValidIso8601" time="N/A" /><testcase id="cppunitxmlparser/test/utilTest.xml_18" name="DateTimeString_Test::isStringKaraboValidIso8601" time="N/A" /><testcase id="cppunitxmlparser/test/utilTest.xml_19" name="DateTimeString_Test::isStringKaraboValidIso8601TimeZone" time="N/A" /><testcase id="cppunitxmlparser/test/utilTest.xml_20" name="DateTimeString_Test::validateFractionalSecondToString" time="N/A" /><testcase id="cppunitxmlparser/test/utilTest.xml_21" name="Dims_Test::testDims" time="N/A" /><testcase id="cppunitxmlparser/test/utilTest.xml_22" name="Dims_Test::testArrayTools" time="N/A" /><testcase id="cppunitxmlparser/test/utilTest.xml_23" name="Epochstamp_Test::testConstructors" time="N/A" /><testcase id="cppunitxmlparser/test/utilTest.xml_24" name="Epochstamp_Test::testOperators" time="N/A" /><testcase id="cppunitxmlparser/test/utilTest.xml_25" name="Epochstamp_Test::testToIso8601String" time="N/A" /><testcase id="cppunitxmlparser/test/utilTest.xml_26" name="Epochstamp_Test::testToFormattedString" time="N/A" /><testcase id="cppunitxmlparser/test/utilTest.xml_27" name="Exception_Test::testMethod" time="N/A" /><testcase id="cppunitxmlparser/test/utilTest.xml_28" name="Factory_Test::testObjectCreation" time="N/A" /><testcase id="cppunitxmlparser/test/utilTest.xml_29" name="Factory_Test::testClassInfo" time="N/A" /><testcase id="cppunitxmlparser/test/utilTest.xml_30" name="HashFilter_Test::testFilterByTag" time="N/A" /><testcase id="cppunitxmlparser/test/utilTest.xml_31" name="HashFilter_Test::testFilterByAccessMode" time="N/A" /><testcase id="cppunitxmlparser/test/utilTest.xml_32" name="Hash_Test::testConstructors" time="N/A" /><testcase id="cppunitxmlparser/test/utilTest.xml_33" name="Hash_Test::testGetSet" time="N/A" /><testcase id="cppunitxmlparser/test/utilTest.xml_34" name="Hash_Test::testGetAs" time="N/A" /><testcase id="cppunitxmlparser/test/utilTest.xml_35" name="Hash_Test::testFind" time="N/A" /><testcase id="cppunitxmlparser/test/utilTest.xml_36" name="Hash_Test::testIteration" time="N/A" /><testcase id="cppunitxmlparser/test/utilTest.xml_37" name="Hash_Test::testAttributes" time="N/A" /><testcase id="cppunitxmlparser/test/utilTest.xml_38" name="Hash_Test::testGetPaths" time="N/A" /><testcase id="cppunitxmlparser/test/utilTest.xml_39" name="Hash_Test::testMerge" time="N/A" /><testcase id="cppunitxmlparser/test/utilTest.xml_40" name="Hash_Test::testSubtract" time="N/A" /><testcase id="cppunitxmlparser/test/utilTest.xml_41" name="Hash_Test::testErase" time="N/A" /><testcase id="cppunitxmlparser/test/utilTest.xml_42" name="Hash_Test::testHas" time="N/A" /><testcase id="cppunitxmlparser/test/utilTest.xml_43" name="Hash_Test::testIs" time="N/A" /><testcase id="cppunitxmlparser/test/utilTest.xml_44" name="Hash_Test::testHelper" time="N/A" /><testcase id="cppunitxmlparser/test/utilTest.xml_45" name="Hash_Test::testTableValidation" time="N/A" /><testcase id="cppunitxmlparser/test/utilTest.xml_46" name="Hash_Test::testPack" time="N/A" /><testcase id="cppunitxmlparser/test/utilTest.xml_47" name="Hash_Test::testCounter" time="N/A" /><testcase id="cppunitxmlparser/test/utilTest.xml_48" name="Hash_Test::testKeys" time="N/A" /><testcase id="cppunitxmlparser/test/utilTest.xml_49" name="Hash_Test::testSimilarIsNotFullyEqual" time="N/A" /><testcase id="cppunitxmlparser/test/utilTest.xml_50" name="Hash_Test::testFullyEqualUnordered" time="N/A" /><testcase id="cppunitxmlparser/test/utilTest.xml_51" name="Hash_Test::testNode" time="N/A" /><testcase id="cppunitxmlparser/test/utilTest.xml_52" name="MetaTools_Test::testMethod" time="N/A" /><testcase id="cppunitxmlparser/test/utilTest.xml_53" name="MetaTools_Test::testWeakBind" time="N/A" /><testcase id="cppunitxmlparser/test/utilTest.xml_54" name="MetaTools_Test::testCastResolvers" time="N/A" /><testcase id="cppunitxmlparser/test/utilTest.xml_55" name="MetaTools_Test::testCallFromTuple" time="N/A" /><testcase id="cppunitxmlparser/test/utilTest.xml_56" name="NDArray_Test::testConstructor" time="N/A" /><testcase id="cppunitxmlparser/test/utilTest.xml_57" name="NDArray_Test::testShapeException" time="N/A" /><testcase id="cppunitxmlparser/test/utilTest.xml_58" name="NDArray_Test::testDataTypeException" time="N/A" /><testcase id="cppunitxmlparser/test/utilTest.xml_59" name="Schema_Test::testBuildUp" time="N/A" /><testcase id="cppunitxmlparser/test/utilTest.xml_60" name="Schema_Test::testGetRootName" time="N/A" /><testcase id="cppunitxmlparser/test/utilTest.xml_61" name="Schema_Test::testGetTags" time="N/A" /><testcase id="cppunitxmlparser/test/utilTest.xml_62" name="Schema_Test::testGetNodeType" time="N/A" /><testcase id="cppunitxmlparser/test/utilTest.xml_63" name="Schema_Test::testGetValueType" time="N/A" /><testcase id="cppunitxmlparser/test/utilTest.xml_64" name="Schema_Test::testKeyHasAlias" time="N/A" /><testcase id="cppunitxmlparser/test/utilTest.xml_65" name="Schema_Test::testAliasHasKey" time="N/A" /><testcase id="cppunitxmlparser/test/utilTest.xml_66" name="Schema_Test::testGetAliasFromKey" time="N/A" /><testcase id="cppunitxmlparser/test/utilTest.xml_67" name="Schema_Test::testGetKeyFromAlias" time="N/A" /><testcase id="cppunitxmlparser/test/utilTest.xml_68" name="Schema_Test::testGetAliasAsString" time="N/A" /><testcase id="cppunitxmlparser/test/utilTest.xml_69" name="Schema_Test::testGetAccessMode" time="N/A" /><testcase id="cppunitxmlparser/test/utilTest.xml_70" name="Schema_Test::testGetAssignment" time="N/A" /><testcase id="cppunitxmlparser/test/utilTest.xml_71" name="Schema_Test::testGetOptions" time="N/A" /><testcase id="cppunitxmlparser/test/utilTest.xml_72" name="Schema_Test::testGetDefaultValue" time="N/A" /><testcase id="cppunitxmlparser/test/utilTest.xml_73" name="Schema_Test::testGetAllowedStates" time="N/A" /><testcase id="cppunitxmlparser/test/utilTest.xml_74" name="Schema_Test::testGetUnit" time="N/A" /><testcase id="cppunitxmlparser/test/utilTest.xml_75" name="Schema_Test::testGetMetricPrefix" time="N/A" /><testcase id="cppunitxmlparser/test/utilTest.xml_76" name="Schema_Test::testGetMinIncMaxInc" time="N/A" /><testcase id="cppunitxmlparser/test/utilTest.xml_77" name="Schema_Test::testGetMinExcMaxExc" time="N/A" /><testcase id="cppunitxmlparser/test/utilTest.xml_78" name="Schema_Test::testPerKeyFunctionality" time="N/A" /><testcase id="cppunitxmlparser/test/utilTest.xml_79" name="Schema_Test::testHelpFunction" time="N/A" /><testcase id="cppunitxmlparser/test/utilTest.xml_80" name="Schema_Test::testPaths" time="N/A" /><testcase id="cppunitxmlparser/test/utilTest.xml_81" name="Schema_Test::testGetRequiredAccessLevel" time="N/A" /><testcase id="cppunitxmlparser/test/utilTest.xml_82" name="Schema_Test::testSetRequiredAccessLevel" time="N/A" /><testcase id="cppunitxmlparser/test/utilTest.xml_83" name="Schema_Test::testGetAlarmLowAlarmHigh" time="N/A" /><testcase id="cppunitxmlparser/test/utilTest.xml_84" name="Schema_Test::testGetWarnLowWarnHigh" time="N/A" /><testcase id="cppunitxmlparser/test/utilTest.xml_85" name="Schema_Test::testHasAlarmWarn" time="N/A" /><testcase id="cppunitxmlparser/test/utilTest.xml_86" name="Schema_Test::testSlotElement" time="N/A" /><testcase id="cppunitxmlparser/test/utilTest.xml_87" name="Schema_Test::testVectorElements" time="N/A" /><testcase id="cppunitxmlparser/test/utilTest.xml_88" name="Schema_Test::testArrayElements" time="N/A" /><testcase id="cppunitxmlparser/test/utilTest.xml_89" name="Schema_Test::testPathElement" time="N/A" /><testcase id="cppunitxmlparser/test/utilTest.xml_90" name="Schema_Test::testImageElement" time="N/A" /><testcase id="cppunitxmlparser/test/utilTest.xml_91" name="Schema_Test::testArchivePolicy" time="N/A" /><testcase id="cppunitxmlparser/test/utilTest.xml_92" name="Schema_Test::testOverwriteElement" time="N/A" /><testcase id="cppunitxmlparser/test/utilTest.xml_93" name="Schema_Test::testMerge" time="N/A" /><testcase id="cppunitxmlparser/test/utilTest.xml_94" name="Schema_Test::testTable" time="N/A" /><testcase id="cppunitxmlparser/test/utilTest.xml_95" name="Schema_Test::testTableReadOnly" time="N/A" /><testcase id="cppunitxmlparser/test/utilTest.xml_96" name="Schema_Test::testList" time="N/A" /><testcase id="cppunitxmlparser/test/utilTest.xml_97" name="Schema_Test::testInvalidNodes" time="N/A" /><testcase id="cppunitxmlparser/test/utilTest.xml_98" name="Schema_Test::testOverwriteRestrictions" time="N/A" /><testcase id="cppunitxmlparser/test/utilTest.xml_99" name="Schema_Test::testOverwriteTags" time="N/A" /><testcase id="cppunitxmlparser/test/utilTest.xml_100" name="Schema_Test::testTagsFromVector" time="N/A" /><testcase id="cppunitxmlparser/test/utilTest.xml_101" name="Schema_Test::testOverwriteRestrictionsForOptions" time="N/A" /><testcase id="cppunitxmlparser/test/utilTest.xml_102" name="Schema_Test::testRuntimeAttributes" time="N/A" /><testcase id="cppunitxmlparser/test/utilTest.xml_103" name="Schema_Test::testStateAndAlarmSets" time="N/A" /><testcase id="cppunitxmlparser/test/utilTest.xml_104" name="Schema_Test::testSubSchema" time="N/A" /><testcase id="cppunitxmlparser/test/utilTest.xml_105" name="Schema_Test::testDaqDataType" time="N/A" /><testcase id="cppunitxmlparser/test/utilTest.xml_106" name="Schema_Test::testDaqPolicy" time="N/A" /><testcase id="cppunitxmlparser/test/utilTest.xml_107" name="Schema_Test::testNodeDisplayType" time="N/A" /><testcase id="cppunitxmlparser/test/utilTest.xml_108" name="Schema_Test::testGetLeaves" time="N/A" /><testcase id="cppunitxmlparser/test/utilTest.xml_109" name="Schema_Test::testAllowedActions" time="N/A" /><testcase id="cppunitxmlparser/test/utilTest.xml_110" name="Schema_Test::testDefaultReadOnlyThrows" time="N/A" /><testcase id="cppunitxmlparser/test/utilTest.xml_111" name="Serializable_Test::testMethod" time="N/A" /><testcase id="cppunitxmlparser/test/utilTest.xml_112" name="States_Test::testStringRoundTrip" time="N/A" /><testcase id="cppunitxmlparser/test/utilTest.xml_113" name="States_Test::testSignifier" time="N/A" /><testcase id="cppunitxmlparser/test/utilTest.xml_114" name="States_Test::testSignifierInitTrump" time="N/A" /><testcase id="cppunitxmlparser/test/utilTest.xml_115" name="States_Test::testSignifierNonDefaultList" time="N/A" /><testcase id="cppunitxmlparser/test/utilTest.xml_116" name="States_Test::testRunningTrumpActivePassive" time="N/A" /><testcase id="cppunitxmlparser/test/utilTest.xml_117" name="States_Test::testChainStatesPassive" time="N/A" /><testcase id="cppunitxmlparser/test/utilTest.xml_118" name="States_Test::testChainStatesActive" time="N/A" /><testcase id="cppunitxmlparser/test/utilTest.xml_119" name="States_Test::testComparisons" time="N/A" /><testcase id="cppunitxmlparser/test/utilTest.xml_120" name="States_Test::testStatesSignifierDefault" time="N/A" /><testcase id="cppunitxmlparser/test/utilTest.xml_121" name="States_Test::testStatesSignifierActiveDecreasing" time="N/A" /><testcase id="cppunitxmlparser/test/utilTest.xml_122" name="States_Test::testStatesSignifierPassiveIncreasing" time="N/A" /><testcase id="cppunitxmlparser/test/utilTest.xml_123" name="States_Test::testStatesSignifierActiveIncreasing" time="N/A" /><testcase id="cppunitxmlparser/test/utilTest.xml_124" name="States_Test::testAcquiringChangingOnPassive" time="N/A" /><testcase id="cppunitxmlparser/test/utilTest.xml_125" name="States_Test::testAcquiringChangingOnActive" time="N/A" /><testcase id="cppunitxmlparser/test/utilTest.xml_126" name="States_Test::testStatesSignifierNonDefList" time="N/A" /><testcase id="cppunitxmlparser/test/utilTest.xml_127" name="StatisticalEvaluator::testMean" time="N/A" /><testcase id="cppunitxmlparser/test/utilTest.xml_128" name="StatisticalEvaluator::testSmallNumbers" time="N/A" /><testcase id="cppunitxmlparser/test/utilTest.xml_129" name="StatisticalEvaluator::testLargeNumbers" time="N/A" /><testcase id="cppunitxmlparser/test/utilTest.xml_130" name="StatisticalEvaluator::testVariance" time="N/A" /><testcase id="cppunitxmlparser/test/utilTest.xml_131" name="StatisticalEvaluator::testUpdateMeanTriggering" time="N/A" /><testcase id="cppunitxmlparser/test/utilTest.xml_132" name="StatisticalEvaluator::testPerformance" time="N/A" /><testcase id="cppunitxmlparser/test/utilTest.xml_133" name="StatisticalEvaluator::testValidatorPerformance" time="N/A" /><testcase id="cppunitxmlparser/test/utilTest.xml_134" name="StringTools_Test::testFromString" time="N/A" /><testcase id="cppunitxmlparser/test/utilTest.xml_135" name="StringTools_Test::testToString" time="N/A" /><testcase id="cppunitxmlparser/test/utilTest.xml_136" name="StringTools_Test::testWiden" time="N/A" /><testcase id="cppunitxmlparser/test/utilTest.xml_137" name="StringTools_Test::testTokenize" time="N/A" /><testcase id="cppunitxmlparser/test/utilTest.xml_138" name="TimeClasses_Test::testEpochstamp" time="N/A" /><testcase id="cppunitxmlparser/test/utilTest.xml_139" name="TimeClasses_Test::testEpochstampConversion" time="N/A" /><testcase id="cppunitxmlparser/test/utilTest.xml_140" name="TimeClasses_Test::testTimePeriod" time="N/A" /><testcase id="cppunitxmlparser/test/utilTest.xml_141" name="TimeClasses_Test::testTimeDuration" time="N/A" /><testcase id="cppunitxmlparser/test/utilTest.xml_142" name="TimeClasses_Test::testTimeProfiler" time="N/A" /><testcase id="cppunitxmlparser/test/utilTest.xml_143" name="TimeClasses_Test::testTimeId" time="N/A" /><testcase id="cppunitxmlparser/test/utilTest.xml_144" name="TimeClasses_Test::testTimestamp" time="N/A" /><testcase id="cppunitxmlparser/test/utilTest.xml_145" name="Types_Test::testIsPointer" time="N/A" /><testcase id="cppunitxmlparser/test/utilTest.xml_146" name="Types_Test::testIsVector" time="N/A" /><testcase id="cppunitxmlparser/test/utilTest.xml_147" name="Types_Test::testIsSimple" time="N/A" /><testcase id="cppunitxmlparser/test/utilTest.xml_148" name="Types_Test::testCategory" time="N/A" /><testcase id="cppunitxmlparser/test/utilTest.xml_149" name="Types_Test::testFrom" time="N/A" /><testcase id="cppunitxmlparser/test/utilTest.xml_150" name="Types_Test::testTo" time="N/A" /><testcase id="cppunitxmlparser/test/utilTest.xml_151" name="Types_Test::testConvert" time="N/A" /><testcase id="cppunitxmlparser/test/utilTest.xml_152" name="Validator_Test::testTableOptionalColumn" time="N/A" /><testcase id="cppunitxmlparser/test/utilTest.xml_153" name="Validator_Test::testTableMandatoryColumn" time="N/A" /><testcase id="cppunitxmlparser/test/utilTest.xml_155" name="Version_Test::testVersionFromString" time="N/A" /><testcase id="cppunitxmlparser/test/utilTest.xml_156" name="Version_Test::testVersionComparison" time="N/A" /></testsuite><testsuite errors="0" failures="0" tests="3" time="N/A"><testcase id="cppunitxmlparser/test/logTest.xml_1" name="Logger_Test::test1" time="N/A" /><testcase id="cppunitxmlparser/test/logTest.xml_2" name="Logger_Test::test2" time="N/A" /><testcase id="cppunitxmlparser/test/logTest.xml_3" name="Logger_Test::testInClassLogging" time="N/A" /></testsuite><testsuite errors="0" failures="0" tests="25" time="N/A"><testcase id="cppunitxmlparser/test/xmsTest.xml_1" name="ImageData_Test::testConstructor" time="N/A" /><testcase id="cppunitxmlparser/test/xmsTest.xml_2" name="ImageData_Test::testSetAndGetMethods" time="N/A" /><testcase id="cppunitxmlparser/test/xmsTest.xml_3" name="ImageData_Test::testImageDataElementMaxSize" time="N/A" /><testcase id="cppunitxmlparser/test/xmsTest.xml_4" name="InputOutputChannel_Test::testOutputChannelElement" time="N/A" /><testcase id="cppunitxmlparser/test/xmsTest.xml_5" name="InputOutputChannel_Test::testConnectDisconnect" time="N/A" /><testcase id="cppunitxmlparser/test/xmsTest.xml_6" name="InputOutputChannel_Test::testManyToOne" time="N/A" /><testcase id="cppunitxmlparser/test/xmsTest.xml_7" name="InputOutputChannel_Test::testConcurrentConnect" time="N/A" /><testcase id="cppunitxmlparser/test/xmsTest.xml_8" name="Memory_Test::testSimpleReadAndWrite" time="N/A" /><testcase id="cppunitxmlparser/test/xmsTest.xml_9" name="Memory_Test::testModifyAfterWrite" time="N/A" /><testcase id="cppunitxmlparser/test/xmsTest.xml_10" name="SignalSlotable_Test::testUniqueInstanceId" time="N/A" /><testcase id="cppunitxmlparser/test/xmsTest.xml_11" name="SignalSlotable_Test::testValidInstanceId" time="N/A" /><testcase id="cppunitxmlparser/test/xmsTest.xml_12" name="SignalSlotable_Test::testReceiveAsync" time="N/A" /><testcase id="cppunitxmlparser/test/xmsTest.xml_13" name="SignalSlotable_Test::testReceiveAsyncError" time="N/A" /><testcase id="cppunitxmlparser/test/xmsTest.xml_14" name="SignalSlotable_Test::testReceiveAsyncNoReply" time="N/A" /><testcase id="cppunitxmlparser/test/xmsTest.xml_15" name="SignalSlotable_Test::testReceiveExceptions" time="N/A" /><testcase id="cppunitxmlparser/test/xmsTest.xml_16" name="SignalSlotable_Test::testMethod" time="N/A" /><testcase id="cppunitxmlparser/test/xmsTest.xml_17" name="SignalSlotable_Test::testConnectAsync" time="N/A" /><testcase id="cppunitxmlparser/test/xmsTest.xml_18" name="SignalSlotable_Test::testConnectAsyncMulti" time="N/A" /><testcase id="cppunitxmlparser/test/xmsTest.xml_19" name="SignalSlotable_Test::testDisconnectAsync" time="N/A" /><testcase id="cppunitxmlparser/test/xmsTest.xml_20" name="SignalSlotable_Test::testAsyncReply" time="N/A" /><testcase id="cppunitxmlparser/test/xmsTest.xml_21" name="SignalSlotable_Test::testAutoConnectSignal" time="N/A" /><testcase id="cppunitxmlparser/test/xmsTest.xml_22" name="SignalSlotable_Test::testAutoConnectSlot" time="N/A" /><testcase id="cppunitxmlparser/test/xmsTest.xml_23" name="SignalSlotable_Test::testRegisterSlotTwice" time="N/A" /><testcase id="cppunitxmlparser/test/xmsTest.xml_24" name="SignalSlotable_Test::testAsyncConnectInputChannel" time="N/A" /><testcase id="cppunitxmlparser/test/xmsTest.xml_25" name="SignalSlotable_Test::testUuid" time="N/A" /></testsuite><testsuite errors="0" failures="0" tests="45" time="N/A"><testcase id="cppunitxmlparser/test/ioTest.xml_1" name="BufferSet_Test::testEmplaceAppend" time="N/A" /><testcase id="cppunitxmlparser/test/ioTest.xml_2" name="FileInputOutput_Test::writeTextFile" time="N/A" /><testcase id="cppunitxmlparser/test/ioTest.xml_3" name="FileInputOutput_Test::readTextFile" time="N/A" /><testcase id="cppunitxmlparser/test/ioTest.xml_4" name="FileInputOutput_Test::writeTextSchema" time="N/A" /><testcase id="cppunitxmlparser/test/ioTest.xml_5" name="FileInputOutput_Test::readTextSchema" time="N/A" /><testcase id="cppunitxmlparser/test/ioTest.xml_6" name="FileInputOutput_Test::writeSequenceToTextFile" time="N/A" /><testcase id="cppunitxmlparser/test/ioTest.xml_7" name="FileInputOutput_Test::readSequenceFromTextFile" time="N/A" /><testcase id="cppunitxmlparser/test/ioTest.xml_8" name="FileInputOutput_Test::writeBinaryFile" time="N/A" /><testcase id="cppunitxmlparser/test/ioTest.xml_9" name="FileInputOutput_Test::readBinaryFile" time="N/A" /><testcase id="cppunitxmlparser/test/ioTest.xml_10" name="FileInputOutput_Test::writeBinarySchema" time="N/A" /><testcase id="cppunitxmlparser/test/ioTest.xml_11" name="FileInputOutput_Test::readBinarySchema" time="N/A" /><testcase id="cppunitxmlparser/test/ioTest.xml_12" name="FileInputOutput_Test::writeSequenceToBinaryFile" time="N/A" /><testcase id="cppunitxmlparser/test/ioTest.xml_13" name="FileInputOutput_Test::readSequenceFromBinaryFile" time="N/A" /><testcase id="cppunitxmlparser/test/ioTest.xml_14" name="FileInputOutput_Test::writeHdf5File" time="N/A" /><testcase id="cppunitxmlparser/test/ioTest.xml_15" name="FileInputOutput_Test::readHdf5File" time="N/A" /><testcase id="cppunitxmlparser/test/ioTest.xml_16" name="FileInputOutput_Test::writeSequenceToHdf5File" time="N/A" /><testcase id="cppunitxmlparser/test/ioTest.xml_17" name="FileInputOutput_Test::readSequenceFromHdf5File" time="N/A" /><testcase id="cppunitxmlparser/test/ioTest.xml_18" name="H5File_Test::testBuffer" time="N/A" /><testcase id="cppunitxmlparser/test/ioTest.xml_19" name="H5File_Test::testWrite" time="N/A" /><testcase id="cppunitxmlparser/test/ioTest.xml_20" name="H5File_Test::testWriteFailure" time="N/A" /><testcase id="cppunitxmlparser/test/ioTest.xml_21" name="H5File_Test::testRead" time="N/A" /><testcase id="cppunitxmlparser/test/ioTest.xml_22" name="H5File_Test::testReadTable" time="N/A" /><testcase id="cppunitxmlparser/test/ioTest.xml_23" name="H5File_Test::testVectorOfHashes" time="N/A" /><testcase id="cppunitxmlparser/test/ioTest.xml_24" name="H5File_Test::testManyGroups" time="N/A" /><testcase id="cppunitxmlparser/test/ioTest.xml_25" name="H5File_Test::testManyTables" time="N/A" /><testcase id="cppunitxmlparser/test/ioTest.xml_26" name="H5File_Test::testTrainFormat" time="N/A" /><testcase id="cppunitxmlparser/test/ioTest.xml_27" name="H5File_Test::testClose" time="N/A" /><testcase id="cppunitxmlparser/test/ioTest.xml_28" name="H5Format_Test::testEmptyFormat" time="N/A" /><testcase id="cppunitxmlparser/test/ioTest.xml_29" name="H5Format_Test::testManualFormat" time="N/A" /><testcase id="cppunitxmlparser/test/ioTest.xml_30" name="H5Format_Test::testDiscoverFromHash" time="N/A" /><testcase id="cppunitxmlparser/test/ioTest.xml_31" name="HashBinarySerializer_Test::testSerialization" time="N/A" /><testcase id="cppunitxmlparser/test/ioTest.xml_32" name="HashBinarySerializer_Test::testSpeedLargeArrays" time="N/A" /><testcase id="cppunitxmlparser/test/ioTest.xml_33" name="HashBinarySerializer_Test::testMaxHashKeyLength" time="N/A" /><testcase id="cppunitxmlparser/test/ioTest.xml_34" name="HashXmlSerializer_Test::testSerialization" time="N/A" /><testcase id="cppunitxmlparser/test/ioTest.xml_35" name="HashXmlSerializer_Test::testLegacyDeserialization" time="N/A" /><testcase id="cppunitxmlparser/test/ioTest.xml_36" name="Hdf5_Test::testPureHdf5" time="N/A" /><testcase id="cppunitxmlparser/test/ioTest.xml_37" name="Hdf5_Test::testKaraboHdf5" time="N/A" /><testcase id="cppunitxmlparser/test/ioTest.xml_38" name="Hdf5_Test::testManyDatasets" time="N/A" /><testcase id="cppunitxmlparser/test/ioTest.xml_39" name="Hdf5_Test::testManyDatasets1" time="N/A" /><testcase id="cppunitxmlparser/test/ioTest.xml_40" name="Hdf5_Test::testSerializer" time="N/A" /><testcase id="cppunitxmlparser/test/ioTest.xml_41" name="Hdf5_Test::testKaraboNDArray" time="N/A" /><testcase id="cppunitxmlparser/test/ioTest.xml_42" name="Hdf5_Test::testKaraboPtr" time="N/A" /><testcase id="cppunitxmlparser/test/ioTest.xml_43" name="Hdf5_Test::testKaraboImageData" time="N/A" /><testcase id="cppunitxmlparser/test/ioTest.xml_44" name="SchemaSerializer_Test::testBinarySerializer" time="N/A" /><testcase id="cppunitxmlparser/test/ioTest.xml_45" name="SchemaSerializer_Test::testXmlSerializer" time="N/A" /></testsuite></testsuites>
